<?xml version="1.0" encoding="UTF-8"?>
<testng-results ignored="0" total="1" passed="1" failed="0" skipped="0">
  <reporter-output>
  </reporter-output>
  <suite started-at="2022-12-17T16:38:31 EST" name="Default suite" finished-at="2022-12-17T16:38:57 EST" duration-ms="26647">
    <groups>
    </groups>
    <test started-at="2022-12-17T16:38:31 EST" name="Default test" finished-at="2022-12-17T16:38:57 EST" duration-ms="26647">
      <class name="packageTestNGDemo.CreateLeadTestNG">
        <test-method signature="createLead()[pri:0, instance:packageTestNGDemo.CreateLeadTestNG@72a7c7e0]" started-at="2022-12-17T16:38:31 EST" name="createLead" finished-at="2022-12-17T16:38:57 EST" duration-ms="26614" status="PASS">
          <reporter-output>
          </reporter-output>
        </test-method> <!-- createLead -->
      </class> <!-- packageTestNGDemo.CreateLeadTestNG -->
    </test> <!-- Default test -->
  </suite> <!-- Default suite -->
</testng-results>
